2021-12-19 15:31:36.271 +03:00 [INF] Starting...
2021-12-19 15:31:38.238 +03:00 [INF] Entity Framework Core 5.0.13 initialized 'ToDoAppContext' using provider 'Npgsql.EntityFrameworkCore.PostgreSQL' with options: None
2021-12-19 15:31:56.722 +03:00 [INF] Starting...
2021-12-19 15:31:57.745 +03:00 [INF] Entity Framework Core 5.0.13 initialized 'ToDoAppContext' using provider 'Npgsql.EntityFrameworkCore.PostgreSQL' with options: None
2021-12-19 15:31:58.156 +03:00 [INF] Executed DbCommand (17ms) [Parameters=[], CommandType='"Text"', CommandTimeout='30']

SELECT CASE WHEN COUNT(*) = 0 THEN FALSE ELSE TRUE END
FROM pg_class AS cls
JOIN pg_namespace AS ns ON ns.oid = cls.relnamespace
WHERE
        cls.relkind IN ('r', 'v', 'm', 'f', 'p') AND
        ns.nspname NOT IN ('pg_catalog', 'information_schema') AND
        -- Exclude tables which are members of PG extensions
        NOT EXISTS (
            SELECT 1 FROM pg_depend WHERE
                classid=(
                    SELECT cls.oid
                    FROM pg_class AS cls
                             JOIN pg_namespace AS ns ON ns.oid = cls.relnamespace
                    WHERE relname='pg_class' AND ns.nspname='pg_catalog'
                ) AND
                objid=cls.oid AND
                deptype IN ('e', 'x')
        )
2021-12-19 15:31:58.255 +03:00 [INF] Executed DbCommand (21ms) [Parameters=[], CommandType='"Text"', CommandTimeout='30']
CREATE TABLE "ToDoItems" (
    "Id" integer GENERATED BY DEFAULT AS IDENTITY,
    "TaskContent" text NOT NULL,
    "IsCompleted" boolean NOT NULL,
    "CreatedAt" timestamp without time zone NOT NULL,
    CONSTRAINT "PK_ToDoItems" PRIMARY KEY ("Id")
);
2021-12-19 15:31:58.450 +03:00 [INF] Now listening on: https://localhost:5001
2021-12-19 15:31:58.451 +03:00 [INF] Now listening on: http://localhost:5000
2021-12-19 15:31:58.452 +03:00 [INF] Application started. Press Ctrl+C to shut down.
2021-12-19 15:31:58.453 +03:00 [INF] Hosting environment: Development
2021-12-19 15:31:58.454 +03:00 [INF] Content root path: C:\Users\ucanbaklava\Desktop\to-do-app\src\ToDoApp\ToDoApp.API
2021-12-19 15:31:59.934 +03:00 [INF] Request starting HTTP/2 GET https://localhost:5001/swagger/index.html - -
2021-12-19 15:32:00.038 +03:00 [INF] Request finished HTTP/2 GET https://localhost:5001/swagger/index.html - - - 200 - text/html;charset=utf-8 105.2444ms
2021-12-19 15:32:00.044 +03:00 [INF] Request starting HTTP/2 GET https://localhost:5001/_framework/aspnetcore-browser-refresh.js - -
2021-12-19 15:32:00.053 +03:00 [INF] Request finished HTTP/2 GET https://localhost:5001/_framework/aspnetcore-browser-refresh.js - - - 200 7922 application/javascript;+charset=utf-8 9.2008ms
2021-12-19 15:32:00.139 +03:00 [INF] Request starting HTTP/2 GET https://localhost:5001/swagger/v1/swagger.json - -
2021-12-19 15:32:00.198 +03:00 [INF] Request finished HTTP/2 GET https://localhost:5001/swagger/v1/swagger.json - - - 200 - application/json;charset=utf-8 59.4738ms
2021-12-19 15:32:08.447 +03:00 [INF] Request starting HTTP/2 GET https://localhost:5001/api/ToDo - -
2021-12-19 15:32:08.472 +03:00 [INF] Executing endpoint 'ToDoApp.API.Controllers.ToDoController.Get (ToDoApp.API)'
2021-12-19 15:32:08.491 +03:00 [INF] Route matched with {action = "Get", controller = "ToDo"}. Executing controller action with signature System.Threading.Tasks.Task`1[Microsoft.AspNetCore.Mvc.ActionResult`1[System.Collections.Generic.List`1[ToDoApp.Domain.Entities.ToDoItem]]] Get() on controller ToDoApp.API.Controllers.ToDoController (ToDoApp.API).
2021-12-19 15:32:08.496 +03:00 [INF] [API-REQUEST][api/todo] => GET REQUEST by : ::1
2021-12-19 15:32:08.499 +03:00 [INF] Entity Framework Core 5.0.13 initialized 'ToDoAppContext' using provider 'Npgsql.EntityFrameworkCore.PostgreSQL' with options: None
2021-12-19 15:32:08.627 +03:00 [INF] Executed DbCommand (6ms) [Parameters=[], CommandType='"Text"', CommandTimeout='30']
SELECT t."Id", t."CreatedAt", t."IsCompleted", t."TaskContent"
FROM "ToDoItems" AS t
2021-12-19 15:32:08.642 +03:00 [INF] Executing OkObjectResult, writing value of type 'System.Collections.Generic.List`1[[ToDoApp.Domain.Entities.ToDoItem, ToDoApp.Domain, Version=1.0.0.0, Culture=neutral, PublicKeyToken=null]]'.
2021-12-19 15:32:08.652 +03:00 [INF] Executed action ToDoApp.API.Controllers.ToDoController.Get (ToDoApp.API) in 156.565ms
2021-12-19 15:32:08.654 +03:00 [INF] Executed endpoint 'ToDoApp.API.Controllers.ToDoController.Get (ToDoApp.API)'
2021-12-19 15:32:08.657 +03:00 [INF] Request finished HTTP/2 GET https://localhost:5001/api/ToDo - - - 200 - application/json;+charset=utf-8 209.7052ms
2021-12-19 15:32:34.418 +03:00 [INF] Request starting HTTP/2 POST https://localhost:5001/api/ToDo application/json 88
2021-12-19 15:32:34.419 +03:00 [INF] Executing endpoint 'ToDoApp.API.Controllers.ToDoController.Create (ToDoApp.API)'
2021-12-19 15:32:34.432 +03:00 [INF] Route matched with {action = "Create", controller = "ToDo"}. Executing controller action with signature Void Create(ToDoApp.Domain.Entities.ToDoItem) on controller ToDoApp.API.Controllers.ToDoController (ToDoApp.API).
2021-12-19 15:32:34.465 +03:00 [INF] [15:32:34][api/todo] => POST REQUEST by : ::1
2021-12-19 15:32:34.485 +03:00 [INF] Entity Framework Core 5.0.13 initialized 'ToDoAppContext' using provider 'Npgsql.EntityFrameworkCore.PostgreSQL' with options: None
2021-12-19 15:32:34.568 +03:00 [INF] Executed DbCommand (6ms) [Parameters=[@p0='?' (DbType = Int32), @p1='?' (DbType = DateTime), @p2='?' (DbType = Boolean), @p3='?'], CommandType='"Text"', CommandTimeout='30']
INSERT INTO "ToDoItems" ("Id", "CreatedAt", "IsCompleted", "TaskContent")
VALUES (@p0, @p1, @p2, @p3);
2021-12-19 15:32:34.576 +03:00 [INF] Executed action ToDoApp.API.Controllers.ToDoController.Create (ToDoApp.API) in 142.1427ms
2021-12-19 15:32:34.577 +03:00 [INF] Executed endpoint 'ToDoApp.API.Controllers.ToDoController.Create (ToDoApp.API)'
2021-12-19 15:32:34.579 +03:00 [INF] Request finished HTTP/2 POST https://localhost:5001/api/ToDo application/json 88 - 200 0 - 161.2812ms
2021-12-19 15:32:39.254 +03:00 [INF] Request starting HTTP/2 GET https://localhost:5001/api/ToDo - -
2021-12-19 15:32:39.255 +03:00 [INF] Executing endpoint 'ToDoApp.API.Controllers.ToDoController.Get (ToDoApp.API)'
2021-12-19 15:32:39.256 +03:00 [INF] Route matched with {action = "Get", controller = "ToDo"}. Executing controller action with signature System.Threading.Tasks.Task`1[Microsoft.AspNetCore.Mvc.ActionResult`1[System.Collections.Generic.List`1[ToDoApp.Domain.Entities.ToDoItem]]] Get() on controller ToDoApp.API.Controllers.ToDoController (ToDoApp.API).
2021-12-19 15:32:39.259 +03:00 [INF] [API-REQUEST][api/todo] => GET REQUEST by : ::1
2021-12-19 15:32:39.260 +03:00 [INF] Entity Framework Core 5.0.13 initialized 'ToDoAppContext' using provider 'Npgsql.EntityFrameworkCore.PostgreSQL' with options: None
2021-12-19 15:32:39.263 +03:00 [INF] Executed DbCommand (1ms) [Parameters=[], CommandType='"Text"', CommandTimeout='30']
SELECT t."Id", t."CreatedAt", t."IsCompleted", t."TaskContent"
FROM "ToDoItems" AS t
2021-12-19 15:32:39.273 +03:00 [INF] Executing OkObjectResult, writing value of type 'System.Collections.Generic.List`1[[ToDoApp.Domain.Entities.ToDoItem, ToDoApp.Domain, Version=1.0.0.0, Culture=neutral, PublicKeyToken=null]]'.
2021-12-19 15:32:39.278 +03:00 [INF] Executed action ToDoApp.API.Controllers.ToDoController.Get (ToDoApp.API) in 19.6932ms
2021-12-19 15:32:39.279 +03:00 [INF] Executed endpoint 'ToDoApp.API.Controllers.ToDoController.Get (ToDoApp.API)'
2021-12-19 15:32:39.281 +03:00 [INF] Request finished HTTP/2 GET https://localhost:5001/api/ToDo - - - 200 - application/json;+charset=utf-8 27.0415ms
2021-12-19 15:33:07.018 +03:00 [INF] Starting...
2021-12-19 15:33:07.999 +03:00 [INF] Entity Framework Core 5.0.13 initialized 'ToDoAppContext' using provider 'Npgsql.EntityFrameworkCore.PostgreSQL' with options: None
2021-12-19 15:33:08.374 +03:00 [INF] Executed DbCommand (12ms) [Parameters=[], CommandType='"Text"', CommandTimeout='30']

SELECT CASE WHEN COUNT(*) = 0 THEN FALSE ELSE TRUE END
FROM pg_class AS cls
JOIN pg_namespace AS ns ON ns.oid = cls.relnamespace
WHERE
        cls.relkind IN ('r', 'v', 'm', 'f', 'p') AND
        ns.nspname NOT IN ('pg_catalog', 'information_schema') AND
        -- Exclude tables which are members of PG extensions
        NOT EXISTS (
            SELECT 1 FROM pg_depend WHERE
                classid=(
                    SELECT cls.oid
                    FROM pg_class AS cls
                             JOIN pg_namespace AS ns ON ns.oid = cls.relnamespace
                    WHERE relname='pg_class' AND ns.nspname='pg_catalog'
                ) AND
                objid=cls.oid AND
                deptype IN ('e', 'x')
        )
2021-12-19 15:33:08.528 +03:00 [INF] Now listening on: https://localhost:5001
2021-12-19 15:33:08.529 +03:00 [INF] Now listening on: http://localhost:5000
2021-12-19 15:33:08.530 +03:00 [INF] Application started. Press Ctrl+C to shut down.
2021-12-19 15:33:08.530 +03:00 [INF] Hosting environment: Development
2021-12-19 15:33:08.531 +03:00 [INF] Content root path: C:\Users\ucanbaklava\Desktop\to-do-app\src\ToDoApp\ToDoApp.API
